<?xml version="1.0" encoding="UTF-8"?>
<testng-results skipped="0" failed="0" ignored="0" total="1" passed="1">
  <reporter-output>
  </reporter-output>
  <suite name="Default suite" duration-ms="23232" started-at="2019-06-21T06:30:43Z" finished-at="2019-06-21T06:31:06Z">
    <groups>
    </groups>
    <test name="Default test" duration-ms="23232" started-at="2019-06-21T06:30:43Z" finished-at="2019-06-21T06:31:06Z">
      <class name="com.training.regression.tests.RetrievalProductDetailsFromDBRTTC_073">
        <test-method status="PASS" signature="setUpBeforeClass()[pri:0, instance:com.training.regression.tests.RetrievalProductDetailsFromDBRTTC_073@754ba872]" name="setUpBeforeClass" is-config="true" duration-ms="14" started-at="2019-06-21T06:30:43Z" finished-at="2019-06-21T06:30:43Z">
          <reporter-output>
          </reporter-output>
        </test-method> <!-- setUpBeforeClass -->
        <test-method status="PASS" signature="setUp()[pri:0, instance:com.training.regression.tests.RetrievalProductDetailsFromDBRTTC_073@754ba872]" name="setUp" is-config="true" duration-ms="9298" started-at="2019-06-21T06:30:43Z" finished-at="2019-06-21T06:30:53Z">
          <reporter-output>
          </reporter-output>
        </test-method> <!-- setUp -->
        <test-method status="PASS" signature="DBRetrieval(java.lang.String, java.lang.String, java.lang.String, java.lang.String, java.lang.String, java.lang.String, java.lang.String)[pri:0, instance:com.training.regression.tests.RetrievalProductDetailsFromDBRTTC_073@754ba872]" name="DBRetrieval" duration-ms="13508" started-at="2019-06-21T06:30:53Z" data-provider="db-inputs" finished-at="2019-06-21T06:31:06Z">
          <params>
            <param index="0">
              <value>
                <![CDATA[admin]]>
              </value>
            </param>
            <param index="1">
              <value>
                <![CDATA[admin@123]]>
              </value>
            </param>
            <param index="2">
              <value>
                <![CDATA[Finger Ring]]>
              </value>
            </param>
            <param index="3">
              <value>
                <![CDATA[Finger Ring for ladies]]>
              </value>
            </param>
            <param index="4">
              <value>
                <![CDATA[SKU-012]]>
              </value>
            </param>
            <param index="5">
              <value>
                <![CDATA[500]]>
              </value>
            </param>
            <param index="6">
              <value>
                <![CDATA[50]]>
              </value>
            </param>
          </params>
          <reporter-output>
          </reporter-output>
        </test-method> <!-- DBRetrieval -->
      </class> <!-- com.training.regression.tests.RetrievalProductDetailsFromDBRTTC_073 -->
    </test> <!-- Default test -->
  </suite> <!-- Default suite -->
</testng-results>
