<?xml version="1.0" encoding="UTF-8"?>
<testng-results skipped="0" failed="0" ignored="0" total="4" passed="4">
  <reporter-output>
  </reporter-output>
  <suite name="Default suite" duration-ms="37106" started-at="2019-05-29T05:30:53Z" finished-at="2019-05-29T05:31:31Z">
    <groups>
    </groups>
    <test name="Default test" duration-ms="37106" started-at="2019-05-29T05:30:53Z" finished-at="2019-05-29T05:31:31Z">
      <class name="com.training.sanity.tests.DeleteProductRTTC_015Tests">
        <test-method status="PASS" signature="setUpBeforeClass()[pri:0, instance:com.training.sanity.tests.DeleteProductRTTC_015Tests@e25b2fe]" name="setUpBeforeClass" is-config="true" duration-ms="22" started-at="2019-05-29T05:30:53Z" finished-at="2019-05-29T05:30:53Z">
          <reporter-output>
          </reporter-output>
        </test-method> <!-- setUpBeforeClass -->
        <test-method status="PASS" signature="setUp()[pri:1, instance:com.training.sanity.tests.DeleteProductRTTC_015Tests@e25b2fe]" name="setUp" duration-ms="29172" started-at="2019-05-29T05:30:53Z" finished-at="2019-05-29T05:31:23Z">
          <reporter-output>
          </reporter-output>
        </test-method> <!-- setUp -->
        <test-method status="PASS" signature="validLoginTest()[pri:2, instance:com.training.sanity.tests.DeleteProductRTTC_015Tests@e25b2fe]" name="validLoginTest" duration-ms="3521" started-at="2019-05-29T05:31:23Z" finished-at="2019-05-29T05:31:26Z">
          <reporter-output>
          </reporter-output>
        </test-method> <!-- validLoginTest -->
        <test-method status="PASS" signature="CatalogTest()[pri:3, instance:com.training.sanity.tests.DeleteProductRTTC_015Tests@e25b2fe]" name="CatalogTest" duration-ms="2501" started-at="2019-05-29T05:31:26Z" finished-at="2019-05-29T05:31:29Z">
          <reporter-output>
          </reporter-output>
        </test-method> <!-- CatalogTest -->
        <test-method status="PASS" signature="DeleteTest()[pri:4, instance:com.training.sanity.tests.DeleteProductRTTC_015Tests@e25b2fe]" name="DeleteTest" duration-ms="1669" started-at="2019-05-29T05:31:29Z" finished-at="2019-05-29T05:31:30Z">
          <reporter-output>
          </reporter-output>
        </test-method> <!-- DeleteTest -->
        <test-method status="PASS" signature="tearDown()[pri:0, instance:com.training.sanity.tests.DeleteProductRTTC_015Tests@e25b2fe]" name="tearDown" is-config="true" duration-ms="177" started-at="2019-05-29T05:31:30Z" finished-at="2019-05-29T05:31:31Z">
          <reporter-output>
          </reporter-output>
        </test-method> <!-- tearDown -->
      </class> <!-- com.training.sanity.tests.DeleteProductRTTC_015Tests -->
    </test> <!-- Default test -->
  </suite> <!-- Default suite -->
</testng-results>
