<?xml version="1.0" encoding="UTF-8"?>
<!-- Generated by org.testng.reporters.JUnitXMLReporter -->
<testsuite hostname="DESKTOP-6AJ6SAC" ignored="0" name="Default test" tests="4" failures="0" timestamp="29 May 2019 05:31:31 GMT" time="37.106" errors="0">
  <testcase name="setUp" time="29.172" classname="com.training.sanity.tests.DeleteProductRTTC_015Tests"/>
  <testcase name="validLoginTest" time="3.521" classname="com.training.sanity.tests.DeleteProductRTTC_015Tests"/>
  <testcase name="CatalogTest" time="2.501" classname="com.training.sanity.tests.DeleteProductRTTC_015Tests"/>
  <testcase name="DeleteTest" time="1.669" classname="com.training.sanity.tests.DeleteProductRTTC_015Tests"/>
</testsuite> <!-- Default test -->
