<?xml version="1.0" encoding="UTF-8"?>
<!-- Generated by org.testng.reporters.JUnitXMLReporter -->
<testsuite hostname="DESKTOP-6AJ6SAC" ignored="0" name="Catalog selection" tests="2" failures="1" timestamp="11 Jun 2019 11:06:28 GMT" time="73.325" errors="0">
  <testcase name="validLoginTest" time="2.356" classname="com.training.sanity.tests.Catalog_RTTC_012Tests"/>
  <testcase name="CatalogTest" time="29.269" classname="com.training.sanity.tests.Catalog_RTTC_012Tests">
    <failure type="java.lang.NullPointerException">
      <![CDATA[java.lang.NullPointerException
at org.openqa.selenium.support.pagefactory.internal.LocatingElementHandler.invoke(LocatingElementHandler.java:51)
at com.sun.proxy.$Proxy9.getCoordinates(Unknown Source)
at org.openqa.selenium.interactions.internal.MouseAction.getActionLocation(MouseAction.java:65)
at org.openqa.selenium.interactions.MoveMouseAction.perform(MoveMouseAction.java:43)
at org.openqa.selenium.interactions.CompositeAction.perform(CompositeAction.java:36)
at org.openqa.selenium.interactions.Actions$BuiltAction.perform(Actions.java:641)
at com.training.pom.Retail_CategoriesPOM.catalogButton(Retail_CategoriesPOM.java:33)
at com.training.sanity.tests.Catalog_RTTC_012Tests.CatalogTest(Catalog_RTTC_012Tests.java:53)
at java.util.concurrent.FutureTask.run(Unknown Source)
at java.util.concurrent.ThreadPoolExecutor.runWorker(Unknown Source)
at java.util.concurrent.ThreadPoolExecutor$Worker.run(Unknown Source)
at java.lang.Thread.run(Unknown Source)
... Removed 20 stack frames]]>
    </failure>
  </testcase> <!-- CatalogTest -->
</testsuite> <!-- Catalog selection -->
